[2025-05-18 10:00:43.641]: Info: Apollo version: v0.3.4
[2025-05-18 10:00:43.641]: Info: Package Publisher: SudoMaker
[2025-05-18 10:00:43.641]: Info: Publisher Website: https://www.sudomaker.com
[2025-05-18 10:00:43.641]: Info: Get support: https://github.com/ClassicOldSong/Apollo/issues
[2025-05-18 10:00:43.642]: Info: config: 'auto_capture_sink' = enabled
[2025-05-18 10:00:43.642]: Info: config: 'log_path' = C:\Users\Ahmed\Documents\git\Apollo-Fleet-Launcher\src\config\fleet-1-synced.log
[2025-05-18 10:00:43.642]: Info: config: 'sunshine_name' = Instance 1
[2025-05-18 10:00:43.642]: Info: config: 'credentials_file' = C:\Users\Ahmed\Documents\git\Apollo-Fleet-Launcher\src\config\state-1.json
[2025-05-18 10:00:43.642]: Info: config: 'keep_sink_default' = enabled
[2025-05-18 10:00:43.642]: Info: config: 'file_apps' = C:\Program Files\Apollo\config\apps.json
[2025-05-18 10:00:43.643]: Info: config: 'file_state' = C:\Users\Ahmed\Documents\git\Apollo-Fleet-Launcher\src\config\state-1.json
[2025-05-18 10:00:43.643]: Info: config: 'headless_mode' = enabled
[2025-05-18 10:00:43.643]: Info: config: 'port' = 11000
[2025-05-18 10:00:43.643]: Info: Provided workaround settings for SettingsManager:
{
  "hdr_blank_delay": null
}
[2025-05-18 10:00:43.646]: Info: Currently available display devices:
[
  {
    "device_id": "{39eddbff-00ef-5d74-bfb4-9340bbb6f10b}",
    "display_name": "\\\\.\\DISPLAY2",
    "edid": {
      "manufacturer_id": "SHP",
      "product_code": "113D",
      "serial_number": 0
    },
    "friendly_name": "SHARP HDMI",
    "info": {
      "hdr_state": null,
      "origin_point": {
        "x": 0,
        "y": -1080
      },
      "primary": false,
      "refresh_rate": {
        "type": "rational",
        "value": {
          "denominator": 247500,
          "numerator": 14850000
        }
      },
      "resolution": {
        "height": 1080,
        "width": 1920
      },
      "resolution_scale": {
        "type": "rational",
        "value": {
          "denominator": 100,
          "numerator": 100
        }
      }
    }
  },
  {
    "device_id": "{54c74f8e-b108-5110-bbfc-60148ed2c7c2}",
    "display_name": "\\\\.\\DISPLAY1",
    "edid": {
      "manufacturer_id": "CMN",
      "product_code": "153B",
      "serial_number": 0
    },
    "friendly_name": "",
    "info": {
      "hdr_state": null,
      "origin_point": {
        "x": 0,
        "y": 0
      },
      "primary": true,
      "refresh_rate": {
        "type": "rational",
        "value": {
          "denominator": 254700,
          "numerator": 15282000
        }
      },
      "resolution": {
        "height": 1080,
        "width": 1920
      },
      "resolution_scale": {
        "type": "rational",
        "value": {
          "denominator": 100,
          "numerator": 100
        }
      }
    }
  }
]
[2025-05-18 10:00:43.649]: Info: nvprefs: NvAPI_Initialize() failed, ignore if you don't have NVIDIA video card
[2025-05-18 10:00:43.652]: Info: Compiling shaders...
[2025-05-18 10:00:43.680]: Info: System tray created
[2025-05-18 10:00:43.732]: Info: Compiled shaders
[2025-05-18 10:00:43.735]: Fatal: ViGEmBus is not installed or running. You must install ViGEmBus for gamepad support!
[2025-05-18 10:00:43.735]: Info: Open the Web UI to set your new username and password and getting started
[2025-05-18 10:00:43.735]: Info: File C:\Users\Ahmed\Documents\git\Apollo-Fleet-Launcher\src\config\state-1.json doesn't exist
[2025-05-18 10:00:43.738]: Info: Configuration UI available at [https://localhost:11001]
[2025-05-18 10:00:44.524]: Info: Registered Apollo mDNS service
