[2025-05-18 00:02:01.983]: Info: Apollo version: v0.3.4
[2025-05-18 00:02:01.983]: Info: Package Publisher: SudoMaker
[2025-05-18 00:02:01.983]: Info: Publisher Website: https://www.sudomaker.com
[2025-05-18 00:02:01.983]: Info: Get support: https://github.com/ClassicOldSong/Apollo/issues
[2025-05-18 00:02:01.983]: Info: config: 'auto_capture_sink' = disabled
[2025-05-18 00:02:01.984]: Info: config: 'log_path' = C:\Users\Ahmed\Documents\git\Apollo-Fleet-Launcher\src\config\fleet-2-synced.log
[2025-05-18 00:02:01.984]: Info: config: 'sunshine_name' = Instance 2
[2025-05-18 00:02:01.984]: Info: config: 'credentials_file' = C:\Users\Ahmed\Documents\git\Apollo-Fleet-Launcher\src\config\state-2.json
[2025-05-18 00:02:01.984]: Info: config: 'keep_sink_default' = disabled
[2025-05-18 00:02:01.994]: Info: config: 'virtual_sink' = VAC Loop (Virtual Audio Cable)
[2025-05-18 00:02:01.994]: Info: config: 'file_apps' = C:\Program Files\Apollo\config\apps.json
[2025-05-18 00:02:01.994]: Info: config: 'file_state' = C:\Users\Ahmed\Documents\git\Apollo-Fleet-Launcher\src\config\state-2.json
[2025-05-18 00:02:01.994]: Info: config: 'port' = 11000
[2025-05-18 00:02:01.994]: Info: Provided workaround settings for SettingsManager:
{
  "hdr_blank_delay": null
}
[2025-05-18 00:02:01.994]: Info: Currently available display devices:
[
  {
    "device_id": "{39eddbff-00ef-5d74-bfb4-9340bbb6f10b}",
    "display_name": "\\\\.\\DISPLAY2",
    "edid": {
      "manufacturer_id": "SHP",
      "product_code": "113D",
      "serial_number": 0
    },
    "friendly_name": "SHARP HDMI",
    "info": {
      "hdr_state": null,
      "origin_point": {
        "x": 0,
        "y": -1080
      },
      "primary": false,
      "refresh_rate": {
        "type": "rational",
        "value": {
          "denominator": 247500,
          "numerator": 14850000
        }
      },
      "resolution": {
        "height": 1080,
        "width": 1920
      },
      "resolution_scale": {
        "type": "rational",
        "value": {
          "denominator": 100,
          "numerator": 100
        }
      }
    }
  },
  {
    "device_id": "{54c74f8e-b108-5110-bbfc-60148ed2c7c2}",
    "display_name": "\\\\.\\DISPLAY1",
    "edid": {
      "manufacturer_id": "CMN",
      "product_code": "153B",
      "serial_number": 0
    },
    "friendly_name": "",
    "info": {
      "hdr_state": null,
      "origin_point": {
        "x": 0,
        "y": 0
      },
      "primary": true,
      "refresh_rate": {
        "type": "rational",
        "value": {
          "denominator": 254700,
          "numerator": 15282000
        }
      },
      "resolution": {
        "height": 1080,
        "width": 1920
      },
      "resolution_scale": {
        "type": "rational",
        "value": {
          "denominator": 100,
          "numerator": 100
        }
      }
    }
  }
]
[2025-05-18 00:02:01.996]: Info: nvprefs: NvAPI_Initialize() failed, ignore if you don't have NVIDIA video card
[2025-05-18 00:02:01.999]: Info: Compiling shaders...
[2025-05-18 00:02:02.014]: Info: System tray created
[2025-05-18 00:02:02.080]: Info: Compiled shaders
[2025-05-18 00:02:02.083]: Fatal: ViGEmBus is not installed or running. You must install ViGEmBus for gamepad support!
[2025-05-18 00:02:02.086]: Info: // Testing for available encoders, this may generate errors. You can safely ignore those errors. //
[2025-05-18 00:02:02.086]: Info: Trying encoder [nvenc]
[2025-05-18 00:02:02.173]: Info: 
Device Description : Intel(R) Iris(R) Xe Graphics
Device Vendor ID   : 0x00008086
Device Device ID   : 0x000046A6
Device Video Mem   : 128 MiB
Device Sys Mem     : 0 MiB
Share Sys Mem      : 16217 MiB
Feature Level      : 0x0000B100
Capture size       : 1920x1080
Offset             : 0x1080
Virtual Desktop    : 1920x2160
[2025-05-18 00:02:02.173]: Info: Active GPU has HAGS disabled
[2025-05-18 00:02:02.174]: Info: Using realtime GPU priority
[2025-05-18 00:02:02.174]: Info: 
Colorspace         : DXGI_COLOR_SPACE_RGB_FULL_G22_NONE_P709
Bits Per Color     : 6
Red Primary        : [0.589844,0.349609]
Green Primary      : [0.330078,0.554688]
Blue Primary       : [0.15332,0.119141]
White Point        : [0.313477,0.329102]
Min Luminance      : 0.5 nits
Max Luminance      : 270 nits
Max Full Luminance : 270 nits
[2025-05-18 00:02:02.174]: Info: Desktop resolution [1920x1080]
[2025-05-18 00:02:02.174]: Info: Desktop format [DXGI_FORMAT_B8G8R8A8_UNORM]
[2025-05-18 00:02:02.174]: Info: Display refresh rate [60Hz]
[2025-05-18 00:02:02.174]: Info: Requested frame rate [60fps]
[2025-05-18 00:02:02.175]: Info: Encoder [nvenc] is not supported on this GPU
[2025-05-18 00:02:02.180]: Info: Trying encoder [quicksync]
[2025-05-18 00:02:02.218]: Info: 
Device Description : Intel(R) Iris(R) Xe Graphics
Device Vendor ID   : 0x00008086
Device Device ID   : 0x000046A6
Device Video Mem   : 128 MiB
Device Sys Mem     : 0 MiB
Share Sys Mem      : 16217 MiB
Feature Level      : 0x0000B100
Capture size       : 1920x1080
Offset             : 0x1080
Virtual Desktop    : 1920x2160
[2025-05-18 00:02:02.218]: Info: Active GPU has HAGS disabled
[2025-05-18 00:02:02.218]: Info: Using realtime GPU priority
[2025-05-18 00:02:02.219]: Info: 
Colorspace         : DXGI_COLOR_SPACE_RGB_FULL_G22_NONE_P709
Bits Per Color     : 6
Red Primary        : [0.589844,0.349609]
Green Primary      : [0.330078,0.554688]
Blue Primary       : [0.15332,0.119141]
White Point        : [0.313477,0.329102]
Min Luminance      : 0.5 nits
Max Luminance      : 270 nits
Max Full Luminance : 270 nits
[2025-05-18 00:02:02.219]: Info: Desktop resolution [1920x1080]
[2025-05-18 00:02:02.219]: Info: Desktop format [DXGI_FORMAT_B8G8R8A8_UNORM]
[2025-05-18 00:02:02.219]: Info: Display refresh rate [60Hz]
[2025-05-18 00:02:02.220]: Info: Requested frame rate [60fps]
[2025-05-18 00:02:02.220]: Info: Client dynamicRange: 0, Display is HDR: false
[2025-05-18 00:02:02.220]: Info: Creating encoder [h264_qsv]
[2025-05-18 00:02:02.220]: Info: Color coding: SDR (Rec. 601)
[2025-05-18 00:02:02.220]: Info: Color depth: 8-bit
[2025-05-18 00:02:02.220]: Info: Color range: JPEG
[2025-05-18 00:02:02.414]: Info: Client dynamicRange: 0, Display is HDR: false
[2025-05-18 00:02:02.414]: Info: Creating encoder [hevc_qsv]
[2025-05-18 00:02:02.414]: Info: Color coding: SDR (Rec. 601)
[2025-05-18 00:02:02.414]: Info: Color depth: 8-bit
[2025-05-18 00:02:02.414]: Info: Color range: JPEG
[2025-05-18 00:02:02.660]: Info: Client dynamicRange: 0, Display is HDR: false
[2025-05-18 00:02:02.660]: Info: Creating encoder [av1_qsv]
[2025-05-18 00:02:02.660]: Info: Color coding: SDR (Rec. 601)
[2025-05-18 00:02:02.661]: Info: Color depth: 8-bit
[2025-05-18 00:02:02.661]: Info: Color range: JPEG
[2025-05-18 00:02:02.811]: Error: [av1_qsv @ 000001a51534c880] Current codec type is unsupported
[2025-05-18 00:02:02.811]: Error: [av1_qsv @ 000001a51534c880] some encoding parameters are not supported by the QSV runtime. Please double check the input parameters.
[2025-05-18 00:02:02.812]: Error: Could not open codec [av1_qsv]: Function not implemented
[2025-05-18 00:02:02.859]: Info: 
Device Description : Intel(R) Iris(R) Xe Graphics
Device Vendor ID   : 0x00008086
Device Device ID   : 0x000046A6
Device Video Mem   : 128 MiB
Device Sys Mem     : 0 MiB
Share Sys Mem      : 16217 MiB
Feature Level      : 0x0000B100
Capture size       : 1920x1080
Offset             : 0x1080
Virtual Desktop    : 1920x2160
[2025-05-18 00:02:02.860]: Info: Active GPU has HAGS disabled
[2025-05-18 00:02:02.860]: Info: Using realtime GPU priority
[2025-05-18 00:02:02.861]: Info: 
Colorspace         : DXGI_COLOR_SPACE_RGB_FULL_G22_NONE_P709
Bits Per Color     : 6
Red Primary        : [0.589844,0.349609]
Green Primary      : [0.330078,0.554688]
Blue Primary       : [0.15332,0.119141]
White Point        : [0.313477,0.329102]
Min Luminance      : 0.5 nits
Max Luminance      : 270 nits
Max Full Luminance : 270 nits
[2025-05-18 00:02:02.861]: Info: Desktop resolution [1920x1080]
[2025-05-18 00:02:02.861]: Info: Desktop format [DXGI_FORMAT_B8G8R8A8_UNORM]
[2025-05-18 00:02:02.862]: Info: Display refresh rate [60Hz]
[2025-05-18 00:02:02.862]: Info: Requested frame rate [60fps]
[2025-05-18 00:02:02.862]: Info: Client dynamicRange: 1, Display is HDR: false
[2025-05-18 00:02:02.862]: Info: Creating encoder [hevc_qsv]
[2025-05-18 00:02:02.862]: Info: Color coding: SDR (Rec. 709)
[2025-05-18 00:02:02.862]: Info: Color depth: 10-bit
[2025-05-18 00:02:02.862]: Info: Color range: JPEG
[2025-05-18 00:02:03.123]: Info: 
[2025-05-18 00:02:03.123]: Info: // Ignore any errors mentioned above, they are not relevant. //
[2025-05-18 00:02:03.123]: Info: 
[2025-05-18 00:02:03.123]: Info: Found H.264 encoder: h264_qsv [quicksync]
[2025-05-18 00:02:03.123]: Info: Found HEVC encoder: hevc_qsv [quicksync]
[2025-05-18 00:02:03.124]: Info: Open the Web UI to set your new username and password and getting started
[2025-05-18 00:02:03.124]: Info: File C:\Users\Ahmed\Documents\git\Apollo-Fleet-Launcher\src\config\state-2.json doesn't exist
[2025-05-18 00:02:03.126]: Info: Configuration UI available at [https://localhost:11001]
[2025-05-18 00:02:03.914]: Info: Registered Apollo mDNS service
